# JRE version: OpenJDK Runtime Environment (17.0.1+12) (build 17.0.1+12-39)
# Java VM: OpenJDK 64-Bit Server VM (17.0.1+12-39, mixed mode, sharing, tiered, compressed oops, compressed class ptrs, g1 gc, windows-amd64)
GC Precious Log:
 CPUs: 4 total, 4 available
 Memory: 7932M
 Large Page Support: Disabled
 NUMA Support: Disabled
 Compressed Oops: Enabled (32-bit)
 Heap Region Size: 1M
 Heap Min Capacity: 8M
 Heap Initial Capacity: 124M
 Heap Max Capacity: 1984M
 Pre-touch: Disabled
 Parallel Workers: 4
 Concurrent Workers: 1
 Concurrent Refinement Workers: 4
 Periodic GC: Disabled
Heap:
 garbage-first heap   total 312320K, used 120629K [0x0000000084000000, 0x0000000100000000)
  region size 1024K, 1 young (1024K), 1 survivors (1024K)
 Metaspace       used 681K, committed 832K, reserved 1056768K
  class space    used 54K, committed 128K, reserved 1048576K
GC Heap History (8 events):
Event: 0.284 GC heap before
{Heap before GC invocations=0 (full 0):
 garbage-first heap   total 126976K, used 32768K [0x0000000084000000, 0x0000000100000000)
  region size 1024K, 3 young (3072K), 0 survivors (0K)
 Metaspace       used 681K, committed 832K, reserved 1056768K
  class space    used 54K, committed 128K, reserved 1048576K
}
Event: 0.286 GC heap after
{Heap after GC invocations=1 (full 0):
 garbage-first heap   total 126976K, used 16152K [0x0000000084000000, 0x0000000100000000)
  region size 1024K, 1 young (1024K), 1 survivors (1024K)
 Metaspace       used 681K, committed 832K, reserved 1056768K
  class space    used 54K, committed 128K, reserved 1048576K
}
Event: 0.346 GC heap before
{Heap before GC invocations=1 (full 0):
 garbage-first heap   total 126976K, used 46872K [0x0000000084000000, 0x0000000100000000)
  region size 1024K, 1 young (1024K), 1 survivors (1024K)
 Metaspace       used 681K, committed 832K, reserved 1056768K
  class space    used 54K, committed 128K, reserved 1048576K
}
Event: 0.347 GC heap after
{Heap after GC invocations=2 (full 0):
 garbage-first heap   total 126976K, used 31524K [0x0000000084000000, 0x0000000100000000)
  region size 1024K, 1 young (1024K), 1 survivors (1024K)
 Metaspace       used 681K, committed 832K, reserved 1056768K
  class space    used 54K, committed 128K, reserved 1048576K
}
Event: 0.477 GC heap before
{Heap before GC invocations=2 (full 0):
 garbage-first heap   total 126976K, used 91940K [0x0000000084000000, 0x0000000100000000)
  region size 1024K, 1 young (1024K), 1 survivors (1024K)
 Metaspace       used 681K, committed 832K, reserved 1056768K
  class space    used 54K, committed 128K, reserved 1048576K
}
Event: 0.479 GC heap after
{Heap after GC invocations=3 (full 0):
 garbage-first heap   total 126976K, used 61209K [0x0000000084000000, 0x0000000100000000)
  region size 1024K, 1 young (1024K), 1 survivors (1024K)
 Metaspace       used 681K, committed 832K, reserved 1056768K
  class space    used 54K, committed 128K, reserved 1048576K
}
Event: 0.818 GC heap before
{Heap before GC invocations=4 (full 0):
 garbage-first heap   total 302080K, used 181017K [0x0000000084000000, 0x0000000100000000)
  region size 1024K, 1 young (1024K), 1 survivors (1024K)
 Metaspace       used 681K, committed 832K, reserved 1056768K
  class space    used 54K, committed 128K, reserved 1048576K
}
Event: 0.820 GC heap after
{Heap after GC invocations=5 (full 0):
 garbage-first heap   total 302080K, used 120629K [0x0000000084000000, 0x0000000100000000)
  region size 1024K, 1 young (1024K), 1 survivors (1024K)
 Metaspace       used 681K, committed 832K, reserved 1056768K
  class space    used 54K, committed 128K, reserved 1048576K
}

